生成启动时间为 2024/2/28 17:12:13。
     1>项目“C:\Users\81228\Documents\Visual Studio 2015\Projects\Simplest FFmpeg Sample Generator\Simplest FFmpeg Sample Generator\Simplest FFmpeg Sample Generator.vcxproj”在节点 2 上(Build 个目标)。
     1>ClCompile:
         C:\Program Files (x86)\Microsoft Visual Studio 14.0\VC\bin\CL.exe /c /Iinclude /ZI /nologo /W3 /WX- /sdl /Od /Oy- /D WIN32 /D _DEBUG /D _CONSOLE /D _UNICODE /D UNICODE /Gm /EHsc /RTC1 /MDd /GS /fp:precise /Zc:wchar_t /Zc:forScope /Zc:inline /Yu"stdafx.h" /Fp"Debug\Simplest FFmpeg Sample Generator.pch" /Fo"Debug\\" /Fd"Debug\vc140.pdb" /Gd /TP /analyze- /errorReport:prompt "Simplest FFmpeg Sample Generator.cpp"
         Simplest FFmpeg Sample Generator.cpp
     1>c:\users\81228\documents\visual studio 2015\projects\simplest ffmpeg sample generator\simplest ffmpeg sample generator\simplest ffmpeg sample generator.cpp(166): warning C4305: “初始化”: 从“double”到“float”截断
     1>c:\users\81228\documents\visual studio 2015\projects\simplest ffmpeg sample generator\simplest ffmpeg sample generator\simplest ffmpeg sample generator.cpp(192): warning C4244: “=”: 从“double”转换到“int”，可能丢失数据
     1>c:\users\81228\documents\visual studio 2015\projects\simplest ffmpeg sample generator\simplest ffmpeg sample generator\simplest ffmpeg sample generator.cpp(195): warning C4244: “=”: 从“double”转换到“int”，可能丢失数据
     1>c:\users\81228\documents\visual studio 2015\projects\simplest ffmpeg sample generator\simplest ffmpeg sample generator\simplest ffmpeg sample generator.cpp(198): warning C4244: “=”: 从“double”转换到“int”，可能丢失数据
     1>c:\users\81228\documents\visual studio 2015\projects\simplest ffmpeg sample generator\simplest ffmpeg sample generator\simplest ffmpeg sample generator.cpp(201): warning C4244: “=”: 从“double”转换到“int”，可能丢失数据
     1>c:\users\81228\documents\visual studio 2015\projects\simplest ffmpeg sample generator\simplest ffmpeg sample generator\simplest ffmpeg sample generator.cpp(204): warning C4244: “=”: 从“double”转换到“int”，可能丢失数据
     1>c:\users\81228\documents\visual studio 2015\projects\simplest ffmpeg sample generator\simplest ffmpeg sample generator\simplest ffmpeg sample generator.cpp(207): warning C4244: “=”: 从“double”转换到“int”，可能丢失数据
     1>c:\users\81228\documents\visual studio 2015\projects\simplest ffmpeg sample generator\simplest ffmpeg sample generator\simplest ffmpeg sample generator.cpp(210): warning C4244: “=”: 从“double”转换到“int”，可能丢失数据
     1>c:\users\81228\documents\visual studio 2015\projects\simplest ffmpeg sample generator\simplest ffmpeg sample generator\simplest ffmpeg sample generator.cpp(213): warning C4244: “=”: 从“double”转换到“int”，可能丢失数据
       Link:
         C:\Program Files (x86)\Microsoft Visual Studio 14.0\VC\bin\link.exe /ERRORREPORT:PROMPT /OUT:"C:\Users\81228\Documents\Visual Studio 2015\Projects\Simplest FFmpeg Sample Generator\Debug\Simplest FFmpeg Sample Generator.exe" /INCREMENTAL /NOLOGO /LIBPATH:lib avcodec.lib avformat.lib avutil.lib avdevice.lib avfilter.lib postproc.lib swresample.lib swscale.lib kernel32.lib user32.lib gdi32.lib winspool.lib comdlg32.lib advapi32.lib shell32.lib ole32.lib oleaut32.lib uuid.lib odbc32.lib odbccp32.lib /MANIFEST /MANIFESTUAC:"level='asInvoker' uiAccess='false'" /manifest:embed /Debug /PDB:"C:\Users\81228\Documents\Visual Studio 2015\Projects\Simplest FFmpeg Sample Generator\Debug\Simplest FFmpeg Sample Generator.pdb" /SUBSYSTEM:CONSOLE /TLBID:1 /DYNAMICBASE /NXCOMPAT /IMPLIB:"C:\Users\81228\Documents\Visual Studio 2015\Projects\Simplest FFmpeg Sample Generator\Debug\Simplest FFmpeg Sample Generator.lib" /MACHINE:X86 "Debug\Simplest FFmpeg Sample Generator.obj"
         Debug\stdafx.obj
         Simplest FFmpeg Sample Generator.vcxproj -> C:\Users\81228\Documents\Visual Studio 2015\Projects\Simplest FFmpeg Sample Generator\Debug\Simplest FFmpeg Sample Generator.exe
     1>已完成生成项目“C:\Users\81228\Documents\Visual Studio 2015\Projects\Simplest FFmpeg Sample Generator\Simplest FFmpeg Sample Generator\Simplest FFmpeg Sample Generator.vcxproj”(Build 个目标)的操作。

已成功生成。

已用时间 00:00:01.28
